<?xml version="1.0" encoding="UTF-8"?>
<!-- Generated by org.testng.reporters.JUnitReportReporter -->
<testsuite hostname="DESKTOP-77Q4FU0" failures="0" tests="1" name="TestRunner.CucumberTestRunner" time="239.883" errors="0" timestamp="2025-02-07T15:59:19 IST" skipped="0">
  <testcase classname="TestRunner.CucumberTestRunner" name="runScenario" time="239.883"/>
</testsuite> <!-- TestRunner.CucumberTestRunner -->
